<?xml version="1.0" encoding="UTF-8"?>
<!-- Generated by org.testng.reporters.JUnitReportReporter -->
<testsuite hostname="LAPTOP-IO7O6G3K" failures="0" tests="3" name="test.SocialMediaLinkTest" time="39.476" errors="0" timestamp="2024-04-05T19:51:38 IST" skipped="0">
  <testcase classname="test.SocialMediaLinkTest" name="clickOnFacebookButton" time="13.506"/>
  <system-out/>
  <testcase classname="test.SocialMediaLinkTest" name="clickOnTwitterButton" time="12.864"/>
  <system-out/>
  <testcase classname="test.SocialMediaLinkTest" name="clickOnLinkedINButton" time="13.106"/>
  <system-out/>
</testsuite> <!-- test.SocialMediaLinkTest -->
