<?xml version="1.0" encoding="UTF-8"?>
<!-- Generated by org.testng.reporters.JUnitReportReporter -->
<testsuite hostname="DESKTOP-QP050DU" failures="0" tests="1" name="test.HomePageFeatureTest" time="5.421" errors="0" timestamp="2024-03-29T22:27:23 IST" skipped="0">
  <testcase classname="test.HomePageFeatureTest" name="verifyFilterFunctionalityForLowToHigh" time="5.421"/>
  <system-out/>
</testsuite> <!-- test.HomePageFeatureTest -->
