<?xml version="1.0" encoding="UTF-8"?>
<!-- Generated by org.testng.reporters.JUnitReportReporter -->
<testsuite hostname="DESKTOP-S3K0L07" failures="0" tests="2" name="test.OvervriewPageTest" time="35.558" errors="0" timestamp="2024-04-08T17:16:21 IST" skipped="0">
  <testcase classname="test.OvervriewPageTest" name="overViewPageTitleTest" time="20.147"/>
  <system-out/>
  <testcase classname="test.OvervriewPageTest" name="overViewPagePriceCalculationTest" time="15.411"/>
  <system-out/>
</testsuite> <!-- test.OvervriewPageTest -->
