<?xml version="1.0" encoding="UTF-8"?>
<!-- Generated by org.testng.reporters.JUnitReportReporter -->
<testsuite hostname="DESKTOP-QP050DU" failures="0" tests="1" name="test.HomePageFeatureTest" time="8.978" errors="0" timestamp="2024-04-02T00:00:08 IST" skipped="0">
  <testcase classname="test.HomePageFeatureTest" name="verifyRemoveButtonFunctionality" time="8.978"/>
  <system-out/>
</testsuite> <!-- test.HomePageFeatureTest -->
