<?xml version="1.0" encoding="UTF-8"?>
<!-- Generated by org.testng.reporters.JUnitReportReporter -->
<testsuite hostname="LAPTOP-IO7O6G3K" failures="0" tests="1" name="test.CartTest" time="4.312" errors="0" timestamp="2024-04-04T20:14:27 IST" skipped="0">
  <testcase classname="test.CartTest" name="addSingleProductToCart" time="4.312"/>
  <system-out/>
</testsuite> <!-- test.CartTest -->
