<?xml version="1.0" encoding="UTF-8"?>
<!-- Generated by org.testng.reporters.JUnitReportReporter -->
<testsuite hostname="LAPTOP-IO7O6G3K" failures="0" tests="1" name="test.LoginTest" time="4.097" errors="0" timestamp="2024-03-28T19:58:09 IST" skipped="0">
  <testcase classname="test.LoginTest" name="verifySwagLabLoginFunctionality" time="4.097"/>
  <system-out/>
</testsuite> <!-- test.LoginTest -->
