<?xml version="1.0" encoding="UTF-8"?>
<!-- Generated by org.testng.reporters.JUnitReportReporter -->
<testsuite hostname="LAPTOP-IO7O6G3K" failures="0" tests="6" name="test.CartTest" time="24.379" errors="0" timestamp="2024-04-05T20:01:10 IST" skipped="0">
  <testcase classname="test.CartTest" name="addSingleProductToCart" time="3.010"/>
  <system-out/>
  <testcase classname="test.CartTest" name="addSingleProductToCart" time="4.830"/>
  <system-out/>
  <testcase classname="test.CartTest" name="verifyProductQuantityInCart" time="4.856"/>
  <system-out/>
  <testcase classname="test.CartTest" name="verifyRemoveProductFromCart" time="3.031"/>
  <system-out/>
  <testcase classname="test.CartTest" name="verifyRemoveProductFromCart" time="5.802"/>
  <system-out/>
  <testcase classname="test.CartTest" name="verifyProductQuantityInCart" time="2.850"/>
  <system-out/>
</testsuite> <!-- test.CartTest -->
