<?xml version="1.0" encoding="UTF-8"?>
<!-- Generated by org.testng.reporters.JUnitReportReporter -->
<testsuite hostname="DESKTOP-S3K0L07" failures="0" tests="3" name="test.ThankYouPageTest" time="44.566" errors="0" timestamp="2024-04-08T18:00:53 IST" skipped="0">
  <testcase classname="test.ThankYouPageTest" name="verifytThankYouPagePlaceOrderMessage" time="20.531"/>
  <system-out/>
  <testcase classname="test.ThankYouPageTest" name="clickOnBackHomeButtonFunctionality" time="10.063"/>
  <system-out/>
  <testcase classname="test.ThankYouPageTest" name="verifyThankYouPageMessageFunctionality" time="13.972"/>
  <system-out/>
</testsuite> <!-- test.ThankYouPageTest -->
