<?xml version="1.0" encoding="UTF-8"?>
<!-- Generated by org.testng.reporters.JUnitReportReporter -->
<testsuite hostname="DESKTOP-9RJ5S8R" failures="0" tests="2" name="test.MenuTest" time="61.860" errors="0" timestamp="2024-04-03T10:37:34 IST" skipped="0">
  <testcase classname="test.MenuTest" name="verifyLogout" time="35.953"/>
  <system-out/>
  <testcase classname="test.MenuTest" name="verifyAbout" time="25.907"/>
  <system-out/>
</testsuite> <!-- test.MenuTest -->
