<?xml version="1.0" encoding="UTF-8"?>
<!-- Generated by org.testng.reporters.JUnitReportReporter -->
<testsuite hostname="DESKTOP-9RJ5S8R" failures="0" tests="5" name="test.HomePageFeatureTest" time="163.553" errors="0" timestamp="2024-04-02T20:42:03 IST" skipped="0">
  <testcase classname="test.HomePageFeatureTest" name="verifyFilterFunctionalityZToA" time="17.382"/>
  <system-out/>
  <testcase classname="test.HomePageFeatureTest" name="verifyRemoveButtonFunctionality" time="49.752"/>
  <system-out/>
  <testcase classname="test.HomePageFeatureTest" name="verifyFilterFunctionalityForLowToHigh" time="26.941"/>
  <system-out/>
  <testcase classname="test.HomePageFeatureTest" name="verifyAddToCartButtonFunctionality" time="50.638"/>
  <system-out/>
  <testcase classname="test.HomePageFeatureTest" name="verifyFilterFunctionalityForHignToLow" time="18.840"/>
  <system-out/>
</testsuite> <!-- test.HomePageFeatureTest -->
