<?xml version="1.0" encoding="UTF-8"?>
<!-- Generated by org.testng.reporters.JUnitReportReporter -->
<testsuite hostname="LAPTOP-IO7O6G3K" failures="0" tests="1" name="test.SocialMediaLinkTest" time="14.536" errors="0" timestamp="2024-04-04T19:41:25 IST" skipped="0">
  <testcase classname="test.SocialMediaLinkTest" name="clickOnLinkedINButton" time="14.536"/>
  <system-out/>
</testsuite> <!-- test.SocialMediaLinkTest -->
