<?xml version="1.0" encoding="UTF-8"?>
<!-- Generated by org.testng.reporters.JUnitReportReporter -->
<testsuite hostname="DESKTOP-S3K0L07" failures="0" tests="1" name="test.LoginTest" time="19.823" errors="0" timestamp="2024-04-06T10:43:55 IST" skipped="0">
  <testcase classname="test.LoginTest" name="verifySwagLabLoginFunctionality" time="19.823"/>
  <system-out/>
</testsuite> <!-- test.LoginTest -->
