<?xml version="1.0" encoding="UTF-8"?>
<!-- Generated by org.testng.reporters.JUnitReportReporter -->
<testsuite hostname="LAPTOP-IO7O6G3K" failures="0" tests="1" name="test.OvervriewPageTest" time="4.434" errors="0" timestamp="2024-04-05T19:51:38 IST" skipped="0">
  <testcase classname="test.OvervriewPageTest" name="overViewPagePriceCalculationTest" time="4.434"/>
  <system-out/>
</testsuite> <!-- test.OvervriewPageTest -->
